<?xml version="1.0" encoding="UTF-8"?>
<testng-results skipped="0" failed="0" ignored="0" total="1" passed="1">
  <reporter-output>
  </reporter-output>
  <suite name="Default suite" duration-ms="2298" started-at="2018-11-30T07:12:47Z" finished-at="2018-11-30T07:12:49Z">
    <groups>
    </groups>
    <test name="Default test" duration-ms="2298" started-at="2018-11-30T07:12:47Z" finished-at="2018-11-30T07:12:49Z">
      <class name="com.qa.tests.DeleteAPITestCase">
        <test-method status="PASS" signature="setUp()[pri:0, instance:com.qa.tests.DeleteAPITestCase@3a82f6ef]" name="setUp" is-config="true" duration-ms="8" started-at="2018-11-30T12:42:47Z" finished-at="2018-11-30T12:42:47Z">
          <reporter-output>
          </reporter-output>
        </test-method> <!-- setUp -->
        <test-method status="PASS" signature="deleteAPITest()[pri:0, instance:com.qa.tests.DeleteAPITestCase@3a82f6ef]" name="deleteAPITest" duration-ms="2258" started-at="2018-11-30T12:42:47Z" finished-at="2018-11-30T12:42:49Z">
          <reporter-output>
          </reporter-output>
        </test-method> <!-- deleteAPITest -->
      </class> <!-- com.qa.tests.DeleteAPITestCase -->
    </test> <!-- Default test -->
  </suite> <!-- Default suite -->
</testng-results>
